<?xml version="1.0" encoding="UTF-8"?>
<testsuite name="epers.tactics.PartyServiceSpec" tests="0" skipped="0" failures="0" errors="0" timestamp="1970-01-01T00:00:00" hostname="lucky-dev" time="0.0">
  <properties/>
  <system-out><![CDATA[19:59:27,073 |-INFO in ch.qos.logback.classic.LoggerContext[default] - Could NOT find resource [logback-test.xml]
19:59:27,073 |-INFO in ch.qos.logback.classic.LoggerContext[default] - Found resource [logback.groovy] at [file:/home/lucas/Workspace/UNQ/epers/TPs/epers-tactics/build/resources/integrationTest/logback.groovy]
19:59:27,073 |-WARN in ch.qos.logback.classic.LoggerContext[default] - Resource [logback.groovy] occurs multiple times on the classpath.
19:59:27,074 |-WARN in ch.qos.logback.classic.LoggerContext[default] - Resource [logback.groovy] occurs at [file:/home/lucas/Workspace/UNQ/epers/TPs/epers-tactics/build/resources/integrationTest/logback.groovy]
19:59:27,074 |-WARN in ch.qos.logback.classic.LoggerContext[default] - Resource [logback.groovy] occurs at [file:/home/lucas/Workspace/UNQ/epers/TPs/epers-tactics/build/resources/main/logback.groovy]
19:59:28,223 |-INFO in ch.qos.logback.classic.gaffer.ConfigurationDelegate@4d87c8da - registering conversion word clr with class [org.springframework.boot.logging.logback.ColorConverter]
19:59:28,248 |-INFO in ch.qos.logback.classic.gaffer.ConfigurationDelegate@4d87c8da - registering conversion word wex with class [org.springframework.boot.logging.logback.WhitespaceThrowableProxyConverter]
19:59:28,258 |-INFO in ch.qos.logback.classic.gaffer.ConfigurationDelegate@4d87c8da - About to instantiate appender of type [ch.qos.logback.core.ConsoleAppender]
19:59:28,260 |-INFO in ch.qos.logback.classic.gaffer.ConfigurationDelegate@4d87c8da - Naming appender as [STDOUT]
19:59:28,451 |-INFO in ch.qos.logback.classic.gaffer.ConfigurationDelegate@4d87c8da - Setting level of logger [ROOT] to ERROR
19:59:28,456 |-INFO in ch.qos.logback.classic.gaffer.ConfigurationDelegate@4d87c8da - Attaching appender named [STDOUT] to Logger[ROOT]

]]></system-out>
  <system-err><![CDATA[]]></system-err>
</testsuite>
